<?xml version="1.0" encoding="UTF-8"?>
<robot generator="Robot 3.2.1 (Python 3.8.3 on win32)" generated="20201104 00:08:23.702" rpa="false">
<suite id="s1" name="Login Tests" source="C:\Users\SHIV\PycharmProjects\Online Shopping\tests\Login Tests.robot">
<test id="s1-t1" name="Test Login Scenarios">
<kw name="Begin Test" library="Common" type="setup">
<kw name="Open Browser" library="SeleniumLibrary">
<doc>Opens a new browser instance to the optional ``url``.</doc>
<arguments>
<arg>about:blank</arg>
<arg>${browser}</arg>
</arguments>
<msg timestamp="20201104 00:08:24.218" level="INFO">Opening browser 'chrome' to base url 'about:blank'.</msg>
<status status="PASS" starttime="20201104 00:08:24.218" endtime="20201104 00:08:28.935"></status>
</kw>
<kw name="Maximize Browser Window" library="SeleniumLibrary">
<doc>Maximizes current browser window.</doc>
<status status="PASS" starttime="20201104 00:08:28.936" endtime="20201104 00:08:31.111"></status>
</kw>
<status status="PASS" starttime="20201104 00:08:24.218" endtime="20201104 00:08:31.111"></status>
</kw>
<kw name="Validate Login Tests" library="Ecommerce">
<arguments>
<arg>&amp;{validLogin}</arg>
</arguments>
<kw name="Navigate To Login Page" library="Ecommerce">
<kw name="Go To Login Section" library="SignInPage">
<kw name="Go To" library="SeleniumLibrary">
<doc>Navigates the current browser window to the provided ``url``.</doc>
<arguments>
<arg>${loginPageUrl}</arg>
</arguments>
<msg timestamp="20201104 00:08:31.111" level="INFO">Opening url 'http://automationpractice.com/index.php?controller=authentication&amp;back=my-account'</msg>
<status status="PASS" starttime="20201104 00:08:31.111" endtime="20201104 00:08:40.260"></status>
</kw>
<kw name="Wait Until Element Is Visible" library="SeleniumLibrary">
<doc>Waits until the element ``locator`` is visible.</doc>
<arguments>
<arg>${signInHeading}</arg>
</arguments>
<status status="PASS" starttime="20201104 00:08:40.260" endtime="20201104 00:08:40.299"></status>
</kw>
<kw name="Scroll Element Into View" library="SeleniumLibrary">
<doc>Scrolls the element identified by ``locator`` into view.</doc>
<arguments>
<arg>${loginBtn}</arg>
</arguments>
<status status="PASS" starttime="20201104 00:08:40.299" endtime="20201104 00:08:41.771"></status>
</kw>
<status status="PASS" starttime="20201104 00:08:31.111" endtime="20201104 00:08:41.771"></status>
</kw>
<status status="PASS" starttime="20201104 00:08:31.111" endtime="20201104 00:08:41.771"></status>
</kw>
<kw name="Attempt Login And Validate Error" library="Ecommerce">
<arguments>
<arg>&amp;{creds}</arg>
</arguments>
<kw name="Enter Login Credentials" library="SignInPage">
<arguments>
<arg>&amp;{creds}</arg>
</arguments>
<kw name="Input Text" library="SeleniumLibrary">
<doc>Types the given ``text`` into the text field identified by ``locator``.</doc>
<arguments>
<arg>${inputEmail}</arg>
<arg>${creds.username}</arg>
</arguments>
<msg timestamp="20201104 00:08:41.771" level="INFO">Typing text 'audi4avik@gmail.com' into text field 'id=email'.</msg>
<status status="PASS" starttime="20201104 00:08:41.771" endtime="20201104 00:08:42.006"></status>
</kw>
<kw name="Input Password" library="SeleniumLibrary">
<doc>Types the given password into the text field identified by ``locator``.</doc>
<arguments>
<arg>${inputPwd}</arg>
<arg>${creds.password}</arg>
</arguments>
<msg timestamp="20201104 00:08:42.007" level="INFO">Typing password into text field 'id=passwd'.</msg>
<msg timestamp="20201104 00:08:42.077" level="INFO">Temporally setting log level to: NONE</msg>
<msg timestamp="20201104 00:08:42.184" level="INFO">Log level changed from NONE to INFO.</msg>
<status status="PASS" starttime="20201104 00:08:42.006" endtime="20201104 00:08:42.184"></status>
</kw>
<kw name="Click Element" library="SeleniumLibrary">
<doc>Click the element identified by ``locator``.</doc>
<arguments>
<arg>${loginBtn}</arg>
</arguments>
<msg timestamp="20201104 00:08:42.186" level="INFO">Clicking element 'SubmitLogin'.</msg>
<status status="PASS" starttime="20201104 00:08:42.185" endtime="20201104 00:08:44.903"></status>
</kw>
<kw name="Set Selenium Implicit Wait" library="SeleniumLibrary">
<doc>Sets the implicit wait value used by Selenium.</doc>
<arguments>
<arg>2 seconds</arg>
</arguments>
<status status="PASS" starttime="20201104 00:08:44.904" endtime="20201104 00:08:44.908"></status>
</kw>
<kw name="Run Keyword And Return Status" library="BuiltIn">
<doc>Runs the given keyword with given arguments and returns the status as a Boolean value.</doc>
<arguments>
<arg>element should be visible</arg>
<arg>${successLoginTxt}</arg>
</arguments>
<assign>
<var>${isLoginSuccess}</var>
</assign>
<kw name="Element Should Be Visible" library="SeleniumLibrary">
<doc>Verifies that the element identified by ``locator`` is visible.</doc>
<arguments>
<arg>${successLoginTxt}</arg>
</arguments>
<msg timestamp="20201104 00:08:44.961" level="INFO">Element '//h1[text()='My account']' is displayed.</msg>
<status status="PASS" starttime="20201104 00:08:44.910" endtime="20201104 00:08:44.961"></status>
</kw>
<msg timestamp="20201104 00:08:44.961" level="INFO">${isLoginSuccess} = True</msg>
<status status="PASS" starttime="20201104 00:08:44.909" endtime="20201104 00:08:44.961"></status>
</kw>
<kw name="Run Keyword If" library="BuiltIn">
<doc>Runs the given keyword with the given arguments, if ``condition`` is true.</doc>
<arguments>
<arg>${isLoginSuccess}==True</arg>
<arg>Validate Successful Login</arg>
<arg>&amp;{creds}</arg>
<arg>ELSE</arg>
<arg>Validate Error Message</arg>
<arg>&amp;{creds}</arg>
</arguments>
<kw name="Validate Successful Login" library="SignInPage">
<arguments>
<arg>&amp;{creds}</arg>
</arguments>
<kw name="Page Should Contain Element" library="SeleniumLibrary">
<doc>Verifies that element ``locator`` is found on the current page.</doc>
<arguments>
<arg>${successLoginTxt}</arg>
</arguments>
<assign>
<var>${loginMsg}</var>
</assign>
<msg timestamp="20201104 00:08:44.977" level="INFO">Current page contains element '//h1[text()='My account']'.</msg>
<msg timestamp="20201104 00:08:44.977" level="INFO">${loginMsg} = None</msg>
<status status="PASS" starttime="20201104 00:08:44.961" endtime="20201104 00:08:44.977"></status>
</kw>
<kw name="Get Text" library="SeleniumLibrary">
<doc>Returns the text value of the element identified by ``locator``.</doc>
<arguments>
<arg>${successLoginTxt}</arg>
</arguments>
<assign>
<var>${myAccTxt}</var>
</assign>
<msg timestamp="20201104 00:08:45.008" level="INFO">${myAccTxt} = MY ACCOUNT</msg>
<status status="PASS" starttime="20201104 00:08:44.977" endtime="20201104 00:08:45.008"></status>
</kw>
<kw name="Should Contain" library="BuiltIn">
<doc>Fails if ``container`` does not contain ``item`` one or more times.</doc>
<arguments>
<arg>${myAccTxt}</arg>
<arg>${creds.message}</arg>
<arg>ignore_case=True</arg>
</arguments>
<status status="PASS" starttime="20201104 00:08:45.008" endtime="20201104 00:08:45.008"></status>
</kw>
<kw name="Log" library="BuiltIn">
<doc>Logs the given message with the given level.</doc>
<arguments>
<arg>User Successfully logged in to ${successLoginTxt}</arg>
</arguments>
<msg timestamp="20201104 00:08:45.008" level="INFO">User Successfully logged in to //h1[text()='My account']</msg>
<status status="PASS" starttime="20201104 00:08:45.008" endtime="20201104 00:08:45.008"></status>
</kw>
<kw name="Click Element" library="SeleniumLibrary">
<doc>Click the element identified by ``locator``.</doc>
<arguments>
<arg>${logoutBtn}</arg>
</arguments>
<msg timestamp="20201104 00:08:45.008" level="INFO">Clicking element '//a[@class='logout']'.</msg>
<status status="PASS" starttime="20201104 00:08:45.008" endtime="20201104 00:08:47.837"></status>
</kw>
<status status="PASS" starttime="20201104 00:08:44.961" endtime="20201104 00:08:47.838"></status>
</kw>
<status status="PASS" starttime="20201104 00:08:44.961" endtime="20201104 00:08:47.838"></status>
</kw>
<status status="PASS" starttime="20201104 00:08:41.771" endtime="20201104 00:08:47.839"></status>
</kw>
<status status="PASS" starttime="20201104 00:08:41.771" endtime="20201104 00:08:47.840"></status>
</kw>
<status status="PASS" starttime="20201104 00:08:31.111" endtime="20201104 00:08:47.840"></status>
</kw>
<kw name="Validate Login Tests" library="Ecommerce">
<arguments>
<arg>&amp;{invalidEmail}</arg>
</arguments>
<kw name="Navigate To Login Page" library="Ecommerce">
<kw name="Go To Login Section" library="SignInPage">
<kw name="Go To" library="SeleniumLibrary">
<doc>Navigates the current browser window to the provided ``url``.</doc>
<arguments>
<arg>${loginPageUrl}</arg>
</arguments>
<msg timestamp="20201104 00:08:47.848" level="INFO">Opening url 'http://automationpractice.com/index.php?controller=authentication&amp;back=my-account'</msg>
<status status="PASS" starttime="20201104 00:08:47.847" endtime="20201104 00:08:49.682"></status>
</kw>
<kw name="Wait Until Element Is Visible" library="SeleniumLibrary">
<doc>Waits until the element ``locator`` is visible.</doc>
<arguments>
<arg>${signInHeading}</arg>
</arguments>
<status status="PASS" starttime="20201104 00:08:49.683" endtime="20201104 00:08:49.722"></status>
</kw>
<kw name="Scroll Element Into View" library="SeleniumLibrary">
<doc>Scrolls the element identified by ``locator`` into view.</doc>
<arguments>
<arg>${loginBtn}</arg>
</arguments>
<status status="PASS" starttime="20201104 00:08:49.722" endtime="20201104 00:08:50.001"></status>
</kw>
<status status="PASS" starttime="20201104 00:08:47.846" endtime="20201104 00:08:50.002"></status>
</kw>
<status status="PASS" starttime="20201104 00:08:47.844" endtime="20201104 00:08:50.002"></status>
</kw>
<kw name="Attempt Login And Validate Error" library="Ecommerce">
<arguments>
<arg>&amp;{creds}</arg>
</arguments>
<kw name="Enter Login Credentials" library="SignInPage">
<arguments>
<arg>&amp;{creds}</arg>
</arguments>
<kw name="Input Text" library="SeleniumLibrary">
<doc>Types the given ``text`` into the text field identified by ``locator``.</doc>
<arguments>
<arg>${inputEmail}</arg>
<arg>${creds.username}</arg>
</arguments>
<msg timestamp="20201104 00:08:50.005" level="INFO">Typing text 'audi4avikgmail.com' into text field 'id=email'.</msg>
<status status="PASS" starttime="20201104 00:08:50.004" endtime="20201104 00:08:50.182"></status>
</kw>
<kw name="Input Password" library="SeleniumLibrary">
<doc>Types the given password into the text field identified by ``locator``.</doc>
<arguments>
<arg>${inputPwd}</arg>
<arg>${creds.password}</arg>
</arguments>
<msg timestamp="20201104 00:08:50.183" level="INFO">Typing password into text field 'id=passwd'.</msg>
<msg timestamp="20201104 00:08:50.532" level="INFO">Temporally setting log level to: NONE</msg>
<msg timestamp="20201104 00:08:50.646" level="INFO">Log level changed from NONE to INFO.</msg>
<status status="PASS" starttime="20201104 00:08:50.183" endtime="20201104 00:08:50.647"></status>
</kw>
<kw name="Click Element" library="SeleniumLibrary">
<doc>Click the element identified by ``locator``.</doc>
<arguments>
<arg>${loginBtn}</arg>
</arguments>
<msg timestamp="20201104 00:08:50.648" level="INFO">Clicking element 'SubmitLogin'.</msg>
<status status="PASS" starttime="20201104 00:08:50.647" endtime="20201104 00:08:52.676"></status>
</kw>
<kw name="Set Selenium Implicit Wait" library="SeleniumLibrary">
<doc>Sets the implicit wait value used by Selenium.</doc>
<arguments>
<arg>2 seconds</arg>
</arguments>
<status status="PASS" starttime="20201104 00:08:52.678" endtime="20201104 00:08:52.685"></status>
</kw>
<kw name="Run Keyword And Return Status" library="BuiltIn">
<doc>Runs the given keyword with given arguments and returns the status as a Boolean value.</doc>
<arguments>
<arg>element should be visible</arg>
<arg>${successLoginTxt}</arg>
</arguments>
<assign>
<var>${isLoginSuccess}</var>
</assign>
<kw name="Element Should Be Visible" library="SeleniumLibrary">
<doc>Verifies that the element identified by ``locator`` is visible.</doc>
<arguments>
<arg>${successLoginTxt}</arg>
</arguments>
<kw name="Capture Page Screenshot" library="SeleniumLibrary">
<doc>Takes a screenshot of the current page and embeds it into a log file.</doc>
<msg timestamp="20201104 00:08:55.070" level="INFO" html="yes">&lt;/td&gt;&lt;/tr&gt;&lt;tr&gt;&lt;td colspan="3"&gt;&lt;a href="selenium-screenshot-1.png"&gt;&lt;img src="selenium-screenshot-1.png" width="800px"&gt;&lt;/a&gt;</msg>
<status status="PASS" starttime="20201104 00:08:54.741" endtime="20201104 00:08:55.070"></status>
</kw>
<msg timestamp="20201104 00:08:55.070" level="FAIL">Element with locator '//h1[text()='My account']' not found.</msg>
<status status="FAIL" starttime="20201104 00:08:52.688" endtime="20201104 00:08:55.070"></status>
</kw>
<msg timestamp="20201104 00:08:55.070" level="INFO">${isLoginSuccess} = False</msg>
<status status="PASS" starttime="20201104 00:08:52.686" endtime="20201104 00:08:55.070"></status>
</kw>
<kw name="Run Keyword If" library="BuiltIn">
<doc>Runs the given keyword with the given arguments, if ``condition`` is true.</doc>
<arguments>
<arg>${isLoginSuccess}==True</arg>
<arg>Validate Successful Login</arg>
<arg>&amp;{creds}</arg>
<arg>ELSE</arg>
<arg>Validate Error Message</arg>
<arg>&amp;{creds}</arg>
</arguments>
<kw name="Validate Error Message" library="SignInPage">
<arguments>
<arg>&amp;{creds}</arg>
</arguments>
<kw name="Wait Until Element Is Visible" library="SeleniumLibrary">
<doc>Waits until the element ``locator`` is visible.</doc>
<arguments>
<arg>${alertTxt}</arg>
</arguments>
<status status="PASS" starttime="20201104 00:08:55.085" endtime="20201104 00:08:55.117"></status>
</kw>
<kw name="Get Text" library="SeleniumLibrary">
<doc>Returns the text value of the element identified by ``locator``.</doc>
<arguments>
<arg>${alertTxt}</arg>
</arguments>
<assign>
<var>${errorMsg}</var>
</assign>
<msg timestamp="20201104 00:08:55.148" level="INFO">${errorMsg} = Invalid email address.</msg>
<status status="PASS" starttime="20201104 00:08:55.117" endtime="20201104 00:08:55.148"></status>
</kw>
<kw name="Should Contain" library="BuiltIn">
<doc>Fails if ``container`` does not contain ``item`` one or more times.</doc>
<arguments>
<arg>${errorMsg}</arg>
<arg>${creds.message}</arg>
<arg>ignore_case=True</arg>
</arguments>
<status status="PASS" starttime="20201104 00:08:55.148" endtime="20201104 00:08:55.148"></status>
</kw>
<status status="PASS" starttime="20201104 00:08:55.085" endtime="20201104 00:08:55.148"></status>
</kw>
<status status="PASS" starttime="20201104 00:08:55.085" endtime="20201104 00:08:55.148"></status>
</kw>
<status status="PASS" starttime="20201104 00:08:50.003" endtime="20201104 00:08:55.148"></status>
</kw>
<status status="PASS" starttime="20201104 00:08:50.002" endtime="20201104 00:08:55.148"></status>
</kw>
<status status="PASS" starttime="20201104 00:08:47.842" endtime="20201104 00:08:55.148"></status>
</kw>
<kw name="Validate Login Tests" library="Ecommerce">
<arguments>
<arg>&amp;{invalidPwd}</arg>
</arguments>
<kw name="Navigate To Login Page" library="Ecommerce">
<kw name="Go To Login Section" library="SignInPage">
<kw name="Go To" library="SeleniumLibrary">
<doc>Navigates the current browser window to the provided ``url``.</doc>
<arguments>
<arg>${loginPageUrl}</arg>
</arguments>
<msg timestamp="20201104 00:08:55.148" level="INFO">Opening url 'http://automationpractice.com/index.php?controller=authentication&amp;back=my-account'</msg>
<status status="PASS" starttime="20201104 00:08:55.148" endtime="20201104 00:08:57.398"></status>
</kw>
<kw name="Wait Until Element Is Visible" library="SeleniumLibrary">
<doc>Waits until the element ``locator`` is visible.</doc>
<arguments>
<arg>${signInHeading}</arg>
</arguments>
<status status="PASS" starttime="20201104 00:08:57.398" endtime="20201104 00:08:57.430"></status>
</kw>
<kw name="Scroll Element Into View" library="SeleniumLibrary">
<doc>Scrolls the element identified by ``locator`` into view.</doc>
<arguments>
<arg>${loginBtn}</arg>
</arguments>
<status status="PASS" starttime="20201104 00:08:57.430" endtime="20201104 00:08:57.715"></status>
</kw>
<status status="PASS" starttime="20201104 00:08:55.148" endtime="20201104 00:08:57.715"></status>
</kw>
<status status="PASS" starttime="20201104 00:08:55.148" endtime="20201104 00:08:57.715"></status>
</kw>
<kw name="Attempt Login And Validate Error" library="Ecommerce">
<arguments>
<arg>&amp;{creds}</arg>
</arguments>
<kw name="Enter Login Credentials" library="SignInPage">
<arguments>
<arg>&amp;{creds}</arg>
</arguments>
<kw name="Input Text" library="SeleniumLibrary">
<doc>Types the given ``text`` into the text field identified by ``locator``.</doc>
<arguments>
<arg>${inputEmail}</arg>
<arg>${creds.username}</arg>
</arguments>
<msg timestamp="20201104 00:08:57.718" level="INFO">Typing text 'audi4avik@gmail.com' into text field 'id=email'.</msg>
<status status="PASS" starttime="20201104 00:08:57.717" endtime="20201104 00:08:57.896"></status>
</kw>
<kw name="Input Password" library="SeleniumLibrary">
<doc>Types the given password into the text field identified by ``locator``.</doc>
<arguments>
<arg>${inputPwd}</arg>
<arg>${creds.password}</arg>
</arguments>
<msg timestamp="20201104 00:08:57.898" level="INFO">Typing password into text field 'id=passwd'.</msg>
<msg timestamp="20201104 00:08:58.233" level="INFO">Temporally setting log level to: NONE</msg>
<msg timestamp="20201104 00:08:58.326" level="INFO">Log level changed from NONE to INFO.</msg>
<status status="PASS" starttime="20201104 00:08:57.897" endtime="20201104 00:08:58.326"></status>
</kw>
<kw name="Click Element" library="SeleniumLibrary">
<doc>Click the element identified by ``locator``.</doc>
<arguments>
<arg>${loginBtn}</arg>
</arguments>
<msg timestamp="20201104 00:08:58.328" level="INFO">Clicking element 'SubmitLogin'.</msg>
<status status="PASS" starttime="20201104 00:08:58.327" endtime="20201104 00:09:00.167"></status>
</kw>
<kw name="Set Selenium Implicit Wait" library="SeleniumLibrary">
<doc>Sets the implicit wait value used by Selenium.</doc>
<arguments>
<arg>2 seconds</arg>
</arguments>
<status status="PASS" starttime="20201104 00:09:00.167" endtime="20201104 00:09:00.172"></status>
</kw>
<kw name="Run Keyword And Return Status" library="BuiltIn">
<doc>Runs the given keyword with given arguments and returns the status as a Boolean value.</doc>
<arguments>
<arg>element should be visible</arg>
<arg>${successLoginTxt}</arg>
</arguments>
<assign>
<var>${isLoginSuccess}</var>
</assign>
<kw name="Element Should Be Visible" library="SeleniumLibrary">
<doc>Verifies that the element identified by ``locator`` is visible.</doc>
<arguments>
<arg>${successLoginTxt}</arg>
</arguments>
<kw name="Capture Page Screenshot" library="SeleniumLibrary">
<doc>Takes a screenshot of the current page and embeds it into a log file.</doc>
<msg timestamp="20201104 00:09:02.569" level="INFO" html="yes">&lt;/td&gt;&lt;/tr&gt;&lt;tr&gt;&lt;td colspan="3"&gt;&lt;a href="selenium-screenshot-2.png"&gt;&lt;img src="selenium-screenshot-2.png" width="800px"&gt;&lt;/a&gt;</msg>
<status status="PASS" starttime="20201104 00:09:02.208" endtime="20201104 00:09:02.569"></status>
</kw>
<msg timestamp="20201104 00:09:02.569" level="FAIL">Element with locator '//h1[text()='My account']' not found.</msg>
<status status="FAIL" starttime="20201104 00:09:00.174" endtime="20201104 00:09:02.569"></status>
</kw>
<msg timestamp="20201104 00:09:02.569" level="INFO">${isLoginSuccess} = False</msg>
<status status="PASS" starttime="20201104 00:09:00.173" endtime="20201104 00:09:02.569"></status>
</kw>
<kw name="Run Keyword If" library="BuiltIn">
<doc>Runs the given keyword with the given arguments, if ``condition`` is true.</doc>
<arguments>
<arg>${isLoginSuccess}==True</arg>
<arg>Validate Successful Login</arg>
<arg>&amp;{creds}</arg>
<arg>ELSE</arg>
<arg>Validate Error Message</arg>
<arg>&amp;{creds}</arg>
</arguments>
<kw name="Validate Error Message" library="SignInPage">
<arguments>
<arg>&amp;{creds}</arg>
</arguments>
<kw name="Wait Until Element Is Visible" library="SeleniumLibrary">
<doc>Waits until the element ``locator`` is visible.</doc>
<arguments>
<arg>${alertTxt}</arg>
</arguments>
<status status="PASS" starttime="20201104 00:09:02.569" endtime="20201104 00:09:02.600"></status>
</kw>
<kw name="Get Text" library="SeleniumLibrary">
<doc>Returns the text value of the element identified by ``locator``.</doc>
<arguments>
<arg>${alertTxt}</arg>
</arguments>
<assign>
<var>${errorMsg}</var>
</assign>
<msg timestamp="20201104 00:09:02.615" level="INFO">${errorMsg} = Authentication failed.</msg>
<status status="PASS" starttime="20201104 00:09:02.600" endtime="20201104 00:09:02.615"></status>
</kw>
<kw name="Should Contain" library="BuiltIn">
<doc>Fails if ``container`` does not contain ``item`` one or more times.</doc>
<arguments>
<arg>${errorMsg}</arg>
<arg>${creds.message}</arg>
<arg>ignore_case=True</arg>
</arguments>
<status status="PASS" starttime="20201104 00:09:02.615" endtime="20201104 00:09:02.631"></status>
</kw>
<status status="PASS" starttime="20201104 00:09:02.569" endtime="20201104 00:09:02.631"></status>
</kw>
<status status="PASS" starttime="20201104 00:09:02.569" endtime="20201104 00:09:02.631"></status>
</kw>
<status status="PASS" starttime="20201104 00:08:57.717" endtime="20201104 00:09:02.631"></status>
</kw>
<status status="PASS" starttime="20201104 00:08:57.716" endtime="20201104 00:09:02.631"></status>
</kw>
<status status="PASS" starttime="20201104 00:08:55.148" endtime="20201104 00:09:02.631"></status>
</kw>
<kw name="Begin Teardown" library="Common" type="teardown">
<kw name="Close Browser" library="SeleniumLibrary">
<doc>Closes the current browser.</doc>
<status status="PASS" starttime="20201104 00:09:02.631" endtime="20201104 00:09:05.478"></status>
</kw>
<status status="PASS" starttime="20201104 00:09:02.631" endtime="20201104 00:09:05.478"></status>
</kw>
<doc>This is the templated login test cases</doc>
<tags>
<tag>Login</tag>
</tags>
<status status="PASS" starttime="20201104 00:08:24.218" endtime="20201104 00:09:05.478" critical="yes"></status>
</test>
<doc>These are the test cases for login scenarios</doc>
<status status="PASS" starttime="20201104 00:08:23.702" endtime="20201104 00:09:05.509"></status>
</suite>
<statistics>
<total>
<stat pass="1" fail="0">Critical Tests</stat>
<stat pass="1" fail="0">All Tests</stat>
</total>
<tag>
<stat pass="1" fail="0">Login</stat>
</tag>
<suite>
<stat pass="1" fail="0" id="s1" name="Login Tests">Login Tests</stat>
</suite>
</statistics>
<errors>
</errors>
</robot>
